<?xml version="1.0" encoding="utf-8"?><testsuites name="pytest tests"><testsuite name="pytest" errors="0" failures="0" skipped="0" tests="21" time="3.903" timestamp="2026-03-24T17:49:46.039010+00:00" hostname="agent-env-8e4836ba-a7b7-48b8-80b8-7ffbe48fc0e5"><testcase classname="backend.tests.test_iptv_app.TestChannels" name="test_channels_status" time="0.340" /><testcase classname="backend.tests.test_iptv_app.TestChannels" name="test_channels_status_has_8247_plus" time="0.140" /><testcase classname="backend.tests.test_iptv_app.TestChannels" name="test_get_channels_default" time="0.150" /><testcase classname="backend.tests.test_iptv_app.TestChannels" name="test_get_channels_arabic_only" time="0.105" /><testcase classname="backend.tests.test_iptv_app.TestChannels" name="test_get_channels_with_category" time="0.130" /><testcase classname="backend.tests.test_iptv_app.TestChannels" name="test_get_channels_search" time="0.157" /><testcase classname="backend.tests.test_iptv_app.TestChannels" name="test_get_categories" time="0.291" /><testcase classname="backend.tests.test_iptv_app.TestMovies" name="test_get_popular_movies" time="0.242" /><testcase classname="backend.tests.test_iptv_app.TestMovies" name="test_movies_have_required_fields" time="0.164" /><testcase classname="backend.tests.test_iptv_app.TestMovies" name="test_search_movies" time="0.194" /><testcase classname="backend.tests.test_iptv_app.TestMovies" name="test_movie_genres" time="0.180" /><testcase classname="backend.tests.test_iptv_app.TestSeries" name="test_get_popular_series" time="0.212" /><testcase classname="backend.tests.test_iptv_app.TestSeries" name="test_series_have_required_fields" time="0.199" /><testcase classname="backend.tests.test_iptv_app.TestSeries" name="test_search_series" time="0.218" /><testcase classname="backend.tests.test_iptv_app.TestSearch" name="test_unified_search" time="0.319" /><testcase classname="backend.tests.test_iptv_app.TestFavorites" name="test_get_favorites" time="0.119" /><testcase classname="backend.tests.test_iptv_app.TestFavorites" name="test_add_favorite" time="0.115" /><testcase classname="backend.tests.test_iptv_app.TestFavorites" name="test_check_favorite" time="0.140" /><testcase classname="backend.tests.test_iptv_app.TestFavorites" name="test_delete_favorite" time="0.113" /><testcase classname="backend.tests.test_iptv_app.TestFavorites" name="test_verify_deleted_favorite" time="0.166" /><testcase classname="backend.tests.test_iptv_app.TestFavorites" name="test_delete_nonexistent_favorite" time="0.118" /></testsuite></testsuites>